Build started 17/02/2016 15:15:28.
     1>Project "C:\Users\c00182336\Desktop\New folder (13)\swarm-wars\game\ConsoleApplication1\ConsoleApplication1\ConsoleApplication1.vcxproj" on node 2 (Build target(s)).
     1>ClCompile:
         C:\Program Files (x86)\Microsoft Visual Studio 12.0\VC\bin\CL.exe /c /I"C:\Program Files (x86)\Visual Leak Detector\include" /Zi /nologo /W3 /WX- /sdl /O2 /Oi /Oy- /GL /D WIN32 /D NDEBUG /D _CONSOLE /D _LIB /D _UNICODE /D UNICODE /Gm- /EHsc /MD /GS /Gy /fp:precise /Zc:wchar_t /Zc:forScope /Yc"stdafx.h" /Fp"Release\ConsoleApplication1.pch" /Fo"Release\\" /Fd"Release\vc120.pdb" /Gd /TP /analyze- /errorReport:prompt stdafx.cpp
         stdafx.cpp
         C:\Program Files (x86)\Microsoft Visual Studio 12.0\VC\bin\CL.exe /c /I"C:\Program Files (x86)\Visual Leak Detector\include" /Zi /nologo /W3 /WX- /sdl /O2 /Oi /Oy- /GL /D WIN32 /D NDEBUG /D _CONSOLE /D _LIB /D _UNICODE /D UNICODE /Gm- /EHsc /MD /GS /Gy /fp:precise /Zc:wchar_t /Zc:forScope /Yu"stdafx.h" /Fp"Release\ConsoleApplication1.pch" /Fo"Release\\" /Fd"Release\vc120.pdb" /Gd /TP /analyze- /errorReport:prompt Bullet.cpp BulletFactory.cpp Bunker.cpp Circle.cpp CollisionManager.cpp ConsoleApplication1.cpp Enemy.cpp EnemyManager.cpp GameConstants.cpp GameScene.cpp InputHandler.cpp MainMenuScene.cpp OrderPointer.cpp Polygon.cpp Scene.cpp SceneMgr.cpp SpawnPointController.cpp SplashScene.cpp Tower.cpp Unit.cpp UnitController.cpp Vector2D.cpp VisionCone.cpp Weapon.cpp WeaponFactory.cpp
         Bullet.cpp
     1>c:\users\c00182336\desktop\new folder (13)\swarm-wars\game\consoleapplication1\consoleapplication1\Vector2D.h(19): fatal error C1083: Cannot open include file: 'SFML/Graphics.hpp': No such file or directory
         BulletFactory.cpp
     1>c:\users\c00182336\desktop\new folder (13)\swarm-wars\game\consoleapplication1\consoleapplication1\Vector2D.h(19): fatal error C1083: Cannot open include file: 'SFML/Graphics.hpp': No such file or directory
         Bunker.cpp
     1>c:\users\c00182336\desktop\new folder (13)\swarm-wars\game\consoleapplication1\consoleapplication1\Vector2D.h(19): fatal error C1083: Cannot open include file: 'SFML/Graphics.hpp': No such file or directory
         Circle.cpp
     1>c:\users\c00182336\desktop\new folder (13)\swarm-wars\game\consoleapplication1\consoleapplication1\Vector2D.h(19): fatal error C1083: Cannot open include file: 'SFML/Graphics.hpp': No such file or directory
         CollisionManager.cpp
     1>c:\users\c00182336\desktop\new folder (13)\swarm-wars\game\consoleapplication1\consoleapplication1\Vector2D.h(19): fatal error C1083: Cannot open include file: 'SFML/Graphics.hpp': No such file or directory
         ConsoleApplication1.cpp
     1>ConsoleApplication1.cpp(21): fatal error C1083: Cannot open include file: 'SFML/Graphics.hpp': No such file or directory
         Enemy.cpp
     1>c:\users\c00182336\desktop\new folder (13)\swarm-wars\game\consoleapplication1\consoleapplication1\Vector2D.h(19): fatal error C1083: Cannot open include file: 'SFML/Graphics.hpp': No such file or directory
         EnemyManager.cpp
     1>c:\users\c00182336\desktop\new folder (13)\swarm-wars\game\consoleapplication1\consoleapplication1\Vector2D.h(19): fatal error C1083: Cannot open include file: 'SFML/Graphics.hpp': No such file or directory
         GameConstants.cpp
     1>c:\users\c00182336\desktop\new folder (13)\swarm-wars\game\consoleapplication1\consoleapplication1\Vector2D.h(19): fatal error C1083: Cannot open include file: 'SFML/Graphics.hpp': No such file or directory
         GameScene.cpp
     1>c:\users\c00182336\desktop\new folder (13)\swarm-wars\game\consoleapplication1\consoleapplication1\SceneMgr.h(10): fatal error C1083: Cannot open include file: 'SFML/Graphics.hpp': No such file or directory
         InputHandler.cpp
     1>c:\users\c00182336\desktop\new folder (13)\swarm-wars\game\consoleapplication1\consoleapplication1\Vector2D.h(19): fatal error C1083: Cannot open include file: 'SFML/Graphics.hpp': No such file or directory
         MainMenuScene.cpp
     1>c:\users\c00182336\desktop\new folder (13)\swarm-wars\game\consoleapplication1\consoleapplication1\SceneMgr.h(10): fatal error C1083: Cannot open include file: 'SFML/Graphics.hpp': No such file or directory
         OrderPointer.cpp
     1>c:\users\c00182336\desktop\new folder (13)\swarm-wars\game\consoleapplication1\consoleapplication1\OrderPointer.h(3): fatal error C1083: Cannot open include file: 'SFML/Graphics.hpp': No such file or directory
         Polygon.cpp
     1>c:\users\c00182336\desktop\new folder (13)\swarm-wars\game\consoleapplication1\consoleapplication1\Vector2D.h(19): fatal error C1083: Cannot open include file: 'SFML/Graphics.hpp': No such file or directory
         Scene.cpp
     1>c:\users\c00182336\desktop\new folder (13)\swarm-wars\game\consoleapplication1\consoleapplication1\SceneMgr.h(10): fatal error C1083: Cannot open include file: 'SFML/Graphics.hpp': No such file or directory
         SceneMgr.cpp
     1>c:\users\c00182336\desktop\new folder (13)\swarm-wars\game\consoleapplication1\consoleapplication1\Scene.h(5): fatal error C1083: Cannot open include file: 'SFML/Graphics.hpp': No such file or directory
         SpawnPointController.cpp
     1>c:\users\c00182336\desktop\new folder (13)\swarm-wars\game\consoleapplication1\consoleapplication1\Vector2D.h(19): fatal error C1083: Cannot open include file: 'SFML/Graphics.hpp': No such file or directory
         SplashScene.cpp
     1>c:\users\c00182336\desktop\new folder (13)\swarm-wars\game\consoleapplication1\consoleapplication1\SceneMgr.h(10): fatal error C1083: Cannot open include file: 'SFML/Graphics.hpp': No such file or directory
         Tower.cpp
     1>c:\users\c00182336\desktop\new folder (13)\swarm-wars\game\consoleapplication1\consoleapplication1\Tower.h(2): fatal error C1083: Cannot open include file: 'SFML/Graphics.hpp': No such file or directory
         Unit.cpp
     1>c:\users\c00182336\desktop\new folder (13)\swarm-wars\game\consoleapplication1\consoleapplication1\Unit.h(2): fatal error C1083: Cannot open include file: 'SFML/Graphics.hpp': No such file or directory
         Compiling...
         UnitController.cpp
     1>c:\users\c00182336\desktop\new folder (13)\swarm-wars\game\consoleapplication1\consoleapplication1\Unit.h(2): fatal error C1083: Cannot open include file: 'SFML/Graphics.hpp': No such file or directory
         Vector2D.cpp
     1>c:\users\c00182336\desktop\new folder (13)\swarm-wars\game\consoleapplication1\consoleapplication1\Vector2D.h(19): fatal error C1083: Cannot open include file: 'SFML/Graphics.hpp': No such file or directory
         VisionCone.cpp
     1>c:\users\c00182336\desktop\new folder (13)\swarm-wars\game\consoleapplication1\consoleapplication1\Vector2D.h(19): fatal error C1083: Cannot open include file: 'SFML/Graphics.hpp': No such file or directory
         Weapon.cpp
     1>c:\users\c00182336\desktop\new folder (13)\swarm-wars\game\consoleapplication1\consoleapplication1\Vector2D.h(19): fatal error C1083: Cannot open include file: 'SFML/Graphics.hpp': No such file or directory
         WeaponFactory.cpp
     1>c:\users\c00182336\desktop\new folder (13)\swarm-wars\game\consoleapplication1\consoleapplication1\Vector2D.h(19): fatal error C1083: Cannot open include file: 'SFML/Graphics.hpp': No such file or directory
     1>Done Building Project "C:\Users\c00182336\Desktop\New folder (13)\swarm-wars\game\ConsoleApplication1\ConsoleApplication1\ConsoleApplication1.vcxproj" (Build target(s)) -- FAILED.

Build FAILED.

Time Elapsed 00:00:02.05
