c:\users\c00182336\desktop\new folder (13)\swarm-wars\game\consoleapplication1\consoleapplication1\debug\consoleapplication1.pch
c:\users\c00182336\desktop\new folder (13)\swarm-wars\game\consoleapplication1\consoleapplication1\debug\vc120.pdb
c:\users\c00182336\desktop\new folder (13)\swarm-wars\game\consoleapplication1\consoleapplication1\debug\vc120.idb
c:\users\c00182336\desktop\new folder (13)\swarm-wars\game\consoleapplication1\consoleapplication1\debug\stdafx.obj
c:\users\c00182336\desktop\new folder (13)\swarm-wars\game\consoleapplication1\consoleapplication1\debug\consoleapplication1.obj
c:\users\c00182336\desktop\new folder (13)\swarm-wars\game\consoleapplication1\consoleapplication1\debug\enemy.obj
c:\users\c00182336\desktop\new folder (13)\swarm-wars\game\consoleapplication1\consoleapplication1\debug\enemymanager.obj
c:\users\c00182336\desktop\new folder (13)\swarm-wars\game\consoleapplication1\consoleapplication1\debug\gameconstants.obj
c:\users\c00182336\desktop\new folder (13)\swarm-wars\game\consoleapplication1\consoleapplication1\debug\gamescene.obj
c:\users\c00182336\desktop\new folder (13)\swarm-wars\game\consoleapplication1\consoleapplication1\debug\inputhandler.obj
c:\users\c00182336\desktop\new folder (13)\swarm-wars\game\consoleapplication1\consoleapplication1\debug\mainmenuscene.obj
c:\users\c00182336\desktop\new folder (13)\swarm-wars\game\consoleapplication1\consoleapplication1\debug\orderpointer.obj
c:\users\c00182336\desktop\new folder (13)\swarm-wars\game\consoleapplication1\consoleapplication1\debug\polygon.obj
c:\users\c00182336\desktop\new folder (13)\swarm-wars\game\consoleapplication1\consoleapplication1\debug\scene.obj
c:\users\c00182336\desktop\new folder (13)\swarm-wars\game\consoleapplication1\consoleapplication1\debug\scenemgr.obj
c:\users\c00182336\desktop\new folder (13)\swarm-wars\game\consoleapplication1\consoleapplication1\debug\spawnpointcontroller.obj
c:\users\c00182336\desktop\new folder (13)\swarm-wars\game\consoleapplication1\consoleapplication1\debug\splashscene.obj
c:\users\c00182336\desktop\new folder (13)\swarm-wars\game\consoleapplication1\consoleapplication1\debug\tower.obj
c:\users\c00182336\desktop\new folder (13)\swarm-wars\game\consoleapplication1\consoleapplication1\debug\unit.obj
c:\users\c00182336\desktop\new folder (13)\swarm-wars\game\consoleapplication1\consoleapplication1\debug\unitcontroller.obj
c:\users\c00182336\desktop\new folder (13)\swarm-wars\game\consoleapplication1\consoleapplication1\debug\vector2d.obj
c:\users\c00182336\desktop\new folder (13)\swarm-wars\game\consoleapplication1\consoleapplication1\debug\visioncone.obj
c:\users\c00182336\desktop\new folder (13)\swarm-wars\game\consoleapplication1\consoleapplication1\debug\weapon.obj
c:\users\c00182336\desktop\new folder (13)\swarm-wars\game\consoleapplication1\consoleapplication1\debug\weaponfactory.obj
c:\users\c00182336\desktop\new folder (13)\swarm-wars\game\consoleapplication1\consoleapplication1\debug\bullet.obj
c:\users\c00182336\desktop\new folder (13)\swarm-wars\game\consoleapplication1\consoleapplication1\debug\bulletfactory.obj
c:\users\c00182336\desktop\new folder (13)\swarm-wars\game\consoleapplication1\consoleapplication1\debug\bunker.obj
c:\users\c00182336\desktop\new folder (13)\swarm-wars\game\consoleapplication1\consoleapplication1\debug\circle.obj
c:\users\c00182336\desktop\new folder (13)\swarm-wars\game\consoleapplication1\consoleapplication1\debug\collisionmanager.obj
c:\users\c00182336\desktop\new folder (13)\swarm-wars\game\consoleapplication1\debug\consoleapplication1.ilk
c:\users\c00182336\desktop\new folder (13)\swarm-wars\game\consoleapplication1\debug\consoleapplication1.exe
c:\users\c00182336\desktop\new folder (13)\swarm-wars\game\consoleapplication1\debug\consoleapplication1.pdb
c:\users\c00182336\desktop\new folder (13)\swarm-wars\game\consoleapplication1\consoleapplication1\debug\consolea.40daceb2.tlog\cl.command.1.tlog
c:\users\c00182336\desktop\new folder (13)\swarm-wars\game\consoleapplication1\consoleapplication1\debug\consolea.40daceb2.tlog\cl.read.1.tlog
c:\users\c00182336\desktop\new folder (13)\swarm-wars\game\consoleapplication1\consoleapplication1\debug\consolea.40daceb2.tlog\cl.write.1.tlog
c:\users\c00182336\desktop\new folder (13)\swarm-wars\game\consoleapplication1\consoleapplication1\debug\consolea.40daceb2.tlog\link.command.1.tlog
c:\users\c00182336\desktop\new folder (13)\swarm-wars\game\consoleapplication1\consoleapplication1\debug\consolea.40daceb2.tlog\link.read.1.tlog
c:\users\c00182336\desktop\new folder (13)\swarm-wars\game\consoleapplication1\consoleapplication1\debug\consolea.40daceb2.tlog\link.write.1.tlog
