Build started 14/02/2016 01:03:20.
     1>Project "E:\College Stuff\Year 3\Project\base\swarm-wars\game\ConsoleApplication1\ConsoleApplication1\ConsoleApplication1.vcxproj" on node 2 (Build target(s)).
     1>ClCompile:
         C:\Program Files (x86)\Microsoft Visual Studio 12.0\VC\bin\CL.exe /c /I"C:\SFML-2.3.2-windows-vc12-32-bit\SFML-2.3.2\include" /ZI /nologo /W3 /WX- /sdl /Od /Oy- /D WIN32 /D _DEBUG /D _CONSOLE /D _LIB /D _UNICODE /D UNICODE /Gm /EHsc /RTC1 /MDd /GS /fp:precise /Zc:wchar_t /Zc:forScope /Yc"stdafx.h" /Fp"Debug\ConsoleApplication1.pch" /Fo"Debug\\" /Fd"Debug\vc120.pdb" /Gd /TP /analyze- /errorReport:prompt stdafx.cpp
         stdafx.cpp
         C:\Program Files (x86)\Microsoft Visual Studio 12.0\VC\bin\CL.exe /c /I"C:\SFML-2.3.2-windows-vc12-32-bit\SFML-2.3.2\include" /ZI /nologo /W3 /WX- /sdl /Od /Oy- /D WIN32 /D _DEBUG /D _CONSOLE /D _LIB /D _UNICODE /D UNICODE /Gm /EHsc /RTC1 /MDd /GS /fp:precise /Zc:wchar_t /Zc:forScope /Yu"stdafx.h" /Fp"Debug\ConsoleApplication1.pch" /Fo"Debug\\" /Fd"Debug\vc120.pdb" /Gd /TP /analyze- /errorReport:prompt Bullet.cpp BulletFactory.cpp Bunker.cpp Circle.cpp CollisionManager.cpp ConsoleApplication1.cpp Enemy.cpp EnemyManager.cpp GameConstants.cpp GameScene.cpp MainMenuScene.cpp OrderPointer.cpp Polygon.cpp Scene.cpp SceneMgr.cpp SpawnPointController.cpp SplashScene.cpp Tower.cpp Unit.cpp UnitController.cpp Vector2D.cpp VisionCone.cpp Weapon.cpp WeaponFactory.cpp
         WeaponFactory.cpp
     1>e:\college stuff\year 3\project\base\swarm-wars\game\consoleapplication1\consoleapplication1\weaponfactory.cpp(33): warning C4018: '<' : signed/unsigned mismatch
         Weapon.cpp
         VisionCone.cpp
         Vector2D.cpp
     1>e:\college stuff\year 3\project\base\swarm-wars\game\consoleapplication1\consoleapplication1\vector2d.cpp(209): warning C4244: 'return' : conversion from 'double' to 'float', possible loss of data
         UnitController.cpp
     1>e:\college stuff\year 3\project\base\swarm-wars\game\consoleapplication1\consoleapplication1\unitcontroller.cpp(20): warning C4018: '<' : signed/unsigned mismatch
     1>e:\college stuff\year 3\project\base\swarm-wars\game\consoleapplication1\consoleapplication1\unitcontroller.cpp(54): warning C4018: '<' : signed/unsigned mismatch
     1>e:\college stuff\year 3\project\base\swarm-wars\game\consoleapplication1\consoleapplication1\unitcontroller.cpp(65): warning C4018: '<' : signed/unsigned mismatch
         Unit.cpp
     1>e:\college stuff\year 3\project\base\swarm-wars\game\consoleapplication1\consoleapplication1\unit.cpp(94): warning C4244: 'argument' : conversion from 'const int' to 'const float', possible loss of data
         Tower.cpp
     1>e:\college stuff\year 3\project\base\swarm-wars\game\consoleapplication1\consoleapplication1\tower.cpp(4): warning C4244: 'argument' : conversion from 'const int' to 'float', possible loss of data
         SplashScene.cpp
         SpawnPointController.cpp
         SceneMgr.cpp
     1>e:\college stuff\year 3\project\base\swarm-wars\game\consoleapplication1\consoleapplication1\scenemgr.cpp(47): warning C4018: '<' : signed/unsigned mismatch
         Scene.cpp
         Polygon.cpp
     1>e:\college stuff\year 3\project\base\swarm-wars\game\consoleapplication1\consoleapplication1\polygon.cpp(12): warning C4018: '<' : signed/unsigned mismatch
     1>e:\college stuff\year 3\project\base\swarm-wars\game\consoleapplication1\consoleapplication1\polygon.cpp(30): warning C4018: '<' : signed/unsigned mismatch
         OrderPointer.cpp
         MainMenuScene.cpp
         GameScene.cpp
         GameConstants.cpp
     1>e:\college stuff\year 3\project\base\swarm-wars\game\consoleapplication1\consoleapplication1\gameconstants.cpp(8): warning C4244: 'initializing' : conversion from 'const float' to 'const int', possible loss of data
     1>e:\college stuff\year 3\project\base\swarm-wars\game\consoleapplication1\consoleapplication1\gameconstants.cpp(11): warning C4244: 'initializing' : conversion from 'double' to 'const float', possible loss of data
         EnemyManager.cpp
         Enemy.cpp
         ConsoleApplication1.cpp
     1>e:\college stuff\year 3\project\base\swarm-wars\game\consoleapplication1\consoleapplication1\consoleapplication1.cpp(60): warning C4244: 'argument' : conversion from 'time_t' to 'unsigned int', possible loss of data
     1>e:\college stuff\year 3\project\base\swarm-wars\game\consoleapplication1\consoleapplication1\consoleapplication1.cpp(62): warning C4244: 'argument' : conversion from 'const float' to 'unsigned int', possible loss of data
         CollisionManager.cpp
         Generating Code...
         Compiling...
         Circle.cpp
         Bunker.cpp
         BulletFactory.cpp
     1>e:\college stuff\year 3\project\base\swarm-wars\game\consoleapplication1\consoleapplication1\bulletfactory.cpp(40): warning C4018: '<' : signed/unsigned mismatch
     1>e:\college stuff\year 3\project\base\swarm-wars\game\consoleapplication1\consoleapplication1\bulletfactory.cpp(49): warning C4018: '<' : signed/unsigned mismatch
         Bullet.cpp
         Generating Code...
       Link:
         C:\Program Files (x86)\Microsoft Visual Studio 12.0\VC\bin\link.exe /ERRORREPORT:PROMPT /OUT:"E:\College Stuff\Year 3\Project\base\swarm-wars\game\ConsoleApplication1\Debug\ConsoleApplication1.exe" /INCREMENTAL /NOLOGO /LIBPATH:"C:\SFML-2.3.2-windows-vc12-32-bit\SFML-2.3.2\lib" kernel32.lib user32.lib gdi32.lib winspool.lib comdlg32.lib advapi32.lib shell32.lib ole32.lib oleaut32.lib uuid.lib odbc32.lib odbccp32.lib /MANIFEST /MANIFESTUAC:"level='asInvoker' uiAccess='false'" /manifest:embed /DEBUG /PDB:"E:\College Stuff\Year 3\Project\base\swarm-wars\game\ConsoleApplication1\Debug\ConsoleApplication1.pdb" /SUBSYSTEM:CONSOLE /TLBID:1 /DYNAMICBASE /NXCOMPAT /IMPLIB:"E:\College Stuff\Year 3\Project\base\swarm-wars\game\ConsoleApplication1\Debug\ConsoleApplication1.lib" /MACHINE:X86 Debug\Bullet.obj
         Debug\BulletFactory.obj
         Debug\Bunker.obj
         Debug\Circle.obj
         Debug\CollisionManager.obj
         Debug\ConsoleApplication1.obj
         Debug\Enemy.obj
         Debug\EnemyManager.obj
         Debug\GameConstants.obj
         Debug\GameScene.obj
         Debug\MainMenuScene.obj
         Debug\OrderPointer.obj
         Debug\Polygon.obj
         Debug\Scene.obj
         Debug\SceneMgr.obj
         Debug\SpawnPointController.obj
         Debug\SplashScene.obj
         Debug\stdafx.obj
         Debug\Tower.obj
         Debug\Unit.obj
         Debug\UnitController.obj
         Debug\Vector2D.obj
         Debug\VisionCone.obj
         Debug\Weapon.obj
         Debug\WeaponFactory.obj
         ConsoleApplication1.vcxproj -> E:\College Stuff\Year 3\Project\base\swarm-wars\game\ConsoleApplication1\Debug\ConsoleApplication1.exe
     1>Done Building Project "E:\College Stuff\Year 3\Project\base\swarm-wars\game\ConsoleApplication1\ConsoleApplication1\ConsoleApplication1.vcxproj" (Build target(s)).

Build succeeded.

Time Elapsed 00:00:23.89
